2024.11.06 10:51:53 INFO  Started: Metals version 1.4.0 in folders '/home/kraska/Desktop/TP2_junqtional_programming' for client Visual Studio Code 1.95.1.
2024.11.06 10:51:53 WARN  Flyway upgrade recommended: H2 2.3.232 is newer than this version of Flyway and support has not been tested. The latest supported version of H2 is 2.2.224.
2024.11.06 10:51:57 INFO  no build target found for /home/kraska/Desktop/TP2_junqtional_programming/src/main/scala/JunqtionalApp.scala. Using presentation compiler with project's scala-library version: 3.3.4
2024.11.06 10:53:04 INFO  no build target found for /home/kraska/Desktop/TP2_junqtional_programming/src/main/scala/JunqtionalApp.scala. Using presentation compiler with project's scala-library version: 3.3.4
2024.11.06 10:53:04 INFO  no build target found for /home/kraska/Desktop/TP2_junqtional_programming/src/main/scala/JunqtionalApp.scala. Using presentation compiler with project's scala-library version: 3.3.4
2024.11.06 10:53:04 INFO  no build target found for /home/kraska/Desktop/TP2_junqtional_programming/src/main/scala/JunqtionalApp.scala. Using presentation compiler with project's scala-library version: 3.3.4
2024.11.06 10:53:05 INFO  no build target found for /home/kraska/Desktop/TP2_junqtional_programming/src/main/scala/JunqtionalApp.scala. Using presentation compiler with project's scala-library version: 3.3.4
2024.11.06 10:53:05 INFO  no build target found for /home/kraska/Desktop/TP2_junqtional_programming/src/main/scala/JunqtionalApp.scala. Using presentation compiler with project's scala-library version: 3.3.4
2024.11.06 10:53:06 INFO  no build target found for /home/kraska/Desktop/TP2_junqtional_programming/src/main/scala/JunqtionalApp.scala. Using presentation compiler with project's scala-library version: 3.3.4
2024.11.06 10:53:06 INFO  no build target found for /home/kraska/Desktop/TP2_junqtional_programming/src/main/scala/JunqtionalApp.scala. Using presentation compiler with project's scala-library version: 3.3.4
2024.11.06 10:53:09 INFO  no build target found for /home/kraska/Desktop/TP2_junqtional_programming/src/main/scala/JunqtionalApp.scala. Using presentation compiler with project's scala-library version: 3.3.4
2024.11.06 10:53:09 INFO  no build target found for /home/kraska/Desktop/TP2_junqtional_programming/src/main/scala/JunqtionalApp.scala. Using presentation compiler with project's scala-library version: 3.3.4
2024.11.06 10:53:09 INFO  no build target found for /home/kraska/Desktop/TP2_junqtional_programming/src/main/scala/JunqtionalApp.scala. Using presentation compiler with project's scala-library version: 3.3.4
2024.11.06 10:53:10 INFO  no build target found for /home/kraska/Desktop/TP2_junqtional_programming/src/main/scala/JunqtionalApp.scala. Using presentation compiler with project's scala-library version: 3.3.4
2024.11.06 10:53:10 INFO  no build target found for /home/kraska/Desktop/TP2_junqtional_programming/src/main/scala/JunqtionalApp.scala. Using presentation compiler with project's scala-library version: 3.3.4
2024.11.06 10:53:10 INFO  no build target found for /home/kraska/Desktop/TP2_junqtional_programming/src/main/scala/JunqtionalApp.scala. Using presentation compiler with project's scala-library version: 3.3.4
2024.11.06 10:53:13 INFO  no build target found for /home/kraska/Desktop/TP2_junqtional_programming/src/main/scala/JunqtionalApp.scala. Using presentation compiler with project's scala-library version: 3.3.4
2024.11.06 10:53:13 INFO  no build target found for /home/kraska/Desktop/TP2_junqtional_programming/src/main/scala/JunqtionalApp.scala. Using presentation compiler with project's scala-library version: 3.3.4
2024.11.06 10:53:13 INFO  no build target found for /home/kraska/Desktop/TP2_junqtional_programming/src/main/scala/JunqtionalApp.scala. Using presentation compiler with project's scala-library version: 3.3.4
2024.11.06 10:53:13 INFO  no build target found for /home/kraska/Desktop/TP2_junqtional_programming/src/main/scala/JunqtionalApp.scala. Using presentation compiler with project's scala-library version: 3.3.4
2024.11.06 10:53:15 INFO  no build target found for /home/kraska/Desktop/TP2_junqtional_programming/src/main/scala/JunqtionalApp.scala. Using presentation compiler with project's scala-library version: 3.3.4
2024.11.06 10:53:15 INFO  no build target found for /home/kraska/Desktop/TP2_junqtional_programming/src/main/scala/JunqtionalApp.scala. Using presentation compiler with project's scala-library version: 3.3.4
Nov 06, 2024 10:53:15 AM org.eclipse.lsp4j.jsonrpc.RemoteEndpoint handleCancellation
WARNING: Unmatched cancel notification for request id 53
2024.11.06 10:53:15 INFO  no build target found for /home/kraska/Desktop/TP2_junqtional_programming/src/main/scala/JunqtionalApp.scala. Using presentation compiler with project's scala-library version: 3.3.4
Nov 06, 2024 10:53:15 AM org.eclipse.lsp4j.jsonrpc.RemoteEndpoint handleCancellation
WARNING: Unmatched cancel notification for request id 54
2024.11.06 10:53:15 INFO  no build target found for /home/kraska/Desktop/TP2_junqtional_programming/src/main/scala/JunqtionalApp.scala. Using presentation compiler with project's scala-library version: 3.3.4
2024.11.06 10:53:15 INFO  no build target found for /home/kraska/Desktop/TP2_junqtional_programming/src/main/scala/JunqtionalApp.scala. Using presentation compiler with project's scala-library version: 3.3.4
Nov 06, 2024 10:53:15 AM org.eclipse.lsp4j.jsonrpc.RemoteEndpoint handleCancellation
WARNING: Unmatched cancel notification for request id 56
2024.11.06 10:53:15 INFO  no build target found for /home/kraska/Desktop/TP2_junqtional_programming/src/main/scala/JunqtionalApp.scala. Using presentation compiler with project's scala-library version: 3.3.4
2024.11.06 10:53:15 INFO  no build target found for /home/kraska/Desktop/TP2_junqtional_programming/src/main/scala/JunqtionalApp.scala. Using presentation compiler with project's scala-library version: 3.3.4
2024.11.06 10:53:15 INFO  no build target found for /home/kraska/Desktop/TP2_junqtional_programming/src/main/scala/JunqtionalApp.scala. Using presentation compiler with project's scala-library version: 3.3.4
2024.11.06 10:53:15 INFO  no build target found for /home/kraska/Desktop/TP2_junqtional_programming/src/main/scala/JunqtionalApp.scala. Using presentation compiler with project's scala-library version: 3.3.4
2024.11.06 10:53:15 INFO  no build target found for /home/kraska/Desktop/TP2_junqtional_programming/src/main/scala/JunqtionalApp.scala. Using presentation compiler with project's scala-library version: 3.3.4
2024.11.06 10:53:15 INFO  no build target found for /home/kraska/Desktop/TP2_junqtional_programming/src/main/scala/JunqtionalApp.scala. Using presentation compiler with project's scala-library version: 3.3.4
2024.11.06 10:53:15 INFO  no build target found for /home/kraska/Desktop/TP2_junqtional_programming/src/main/scala/JunqtionalApp.scala. Using presentation compiler with project's scala-library version: 3.3.4
2024.11.06 10:53:15 INFO  no build target found for /home/kraska/Desktop/TP2_junqtional_programming/src/main/scala/JunqtionalApp.scala. Using presentation compiler with project's scala-library version: 3.3.4
2024.11.06 10:53:15 INFO  no build target found for /home/kraska/Desktop/TP2_junqtional_programming/src/main/scala/JunqtionalApp.scala. Using presentation compiler with project's scala-library version: 3.3.4
Nov 06, 2024 10:53:15 AM org.eclipse.lsp4j.jsonrpc.RemoteEndpoint handleCancellation
WARNING: Unmatched cancel notification for request id 65
2024.11.06 10:53:15 INFO  no build target found for /home/kraska/Desktop/TP2_junqtional_programming/src/main/scala/JunqtionalApp.scala. Using presentation compiler with project's scala-library version: 3.3.4
2024.11.06 10:53:15 INFO  no build target found for /home/kraska/Desktop/TP2_junqtional_programming/src/main/scala/JunqtionalApp.scala. Using presentation compiler with project's scala-library version: 3.3.4
2024.11.06 10:53:15 INFO  no build target found for /home/kraska/Desktop/TP2_junqtional_programming/src/main/scala/JunqtionalApp.scala. Using presentation compiler with project's scala-library version: 3.3.4
2024.11.06 10:53:15 INFO  no build target found for /home/kraska/Desktop/TP2_junqtional_programming/src/main/scala/JunqtionalApp.scala. Using presentation compiler with project's scala-library version: 3.3.4
2024.11.06 10:53:15 INFO  no build target found for /home/kraska/Desktop/TP2_junqtional_programming/src/main/scala/JunqtionalApp.scala. Using presentation compiler with project's scala-library version: 3.3.4
2024.11.06 10:53:15 INFO  no build target found for /home/kraska/Desktop/TP2_junqtional_programming/src/main/scala/JunqtionalApp.scala. Using presentation compiler with project's scala-library version: 3.3.4
2024.11.06 10:53:15 INFO  no build target found for /home/kraska/Desktop/TP2_junqtional_programming/src/main/scala/JunqtionalApp.scala. Using presentation compiler with project's scala-library version: 3.3.4
2024.11.06 10:53:15 INFO  no build target found for /home/kraska/Desktop/TP2_junqtional_programming/src/main/scala/JunqtionalApp.scala. Using presentation compiler with project's scala-library version: 3.3.4
2024.11.06 10:53:15 INFO  no build target found for /home/kraska/Desktop/TP2_junqtional_programming/src/main/scala/JunqtionalApp.scala. Using presentation compiler with project's scala-library version: 3.3.4
2024.11.06 10:53:15 INFO  no build target found for /home/kraska/Desktop/TP2_junqtional_programming/src/main/scala/JunqtionalApp.scala. Using presentation compiler with project's scala-library version: 3.3.4
2024.11.06 10:53:15 INFO  no build target found for /home/kraska/Desktop/TP2_junqtional_programming/src/main/scala/JunqtionalApp.scala. Using presentation compiler with project's scala-library version: 3.3.4
2024.11.06 10:53:15 INFO  no build target found for /home/kraska/Desktop/TP2_junqtional_programming/src/main/scala/JunqtionalApp.scala. Using presentation compiler with project's scala-library version: 3.3.4
2024.11.06 10:53:16 INFO  no build target found for /home/kraska/Desktop/TP2_junqtional_programming/src/main/scala/JunqtionalApp.scala. Using presentation compiler with project's scala-library version: 3.3.4
2024.11.06 10:53:16 INFO  no build target found for /home/kraska/Desktop/TP2_junqtional_programming/src/main/scala/JunqtionalApp.scala. Using presentation compiler with project's scala-library version: 3.3.4
2024.11.06 10:53:16 INFO  no build target found for /home/kraska/Desktop/TP2_junqtional_programming/src/main/scala/JunqtionalApp.scala. Using presentation compiler with project's scala-library version: 3.3.4
2024.11.06 10:53:16 INFO  no build target found for /home/kraska/Desktop/TP2_junqtional_programming/src/main/scala/JunqtionalApp.scala. Using presentation compiler with project's scala-library version: 3.3.4
2024.11.06 10:53:16 INFO  no build target found for /home/kraska/Desktop/TP2_junqtional_programming/src/main/scala/JunqtionalApp.scala. Using presentation compiler with project's scala-library version: 3.3.4
2024.11.06 10:53:16 INFO  no build target found for /home/kraska/Desktop/TP2_junqtional_programming/src/main/scala/JunqtionalApp.scala. Using presentation compiler with project's scala-library version: 3.3.4
2024.11.06 10:53:16 INFO  no build target found for /home/kraska/Desktop/TP2_junqtional_programming/src/main/scala/JunqtionalApp.scala. Using presentation compiler with project's scala-library version: 3.3.4
2024.11.06 10:53:16 INFO  no build target found for /home/kraska/Desktop/TP2_junqtional_programming/src/main/scala/JunqtionalApp.scala. Using presentation compiler with project's scala-library version: 3.3.4
2024.11.06 10:53:16 INFO  no build target found for /home/kraska/Desktop/TP2_junqtional_programming/src/main/scala/JunqtionalApp.scala. Using presentation compiler with project's scala-library version: 3.3.4
Nov 06, 2024 10:53:16 AM org.eclipse.lsp4j.jsonrpc.RemoteEndpoint handleCancellation
WARNING: Unmatched cancel notification for request id 86
2024.11.06 10:53:16 INFO  no build target found for /home/kraska/Desktop/TP2_junqtional_programming/src/main/scala/JunqtionalApp.scala. Using presentation compiler with project's scala-library version: 3.3.4
2024.11.06 10:53:16 INFO  no build target found for /home/kraska/Desktop/TP2_junqtional_programming/src/main/scala/JunqtionalApp.scala. Using presentation compiler with project's scala-library version: 3.3.4
2024.11.06 10:53:16 INFO  no build target found for /home/kraska/Desktop/TP2_junqtional_programming/src/main/scala/JunqtionalApp.scala. Using presentation compiler with project's scala-library version: 3.3.4
2024.11.06 10:53:16 INFO  no build target found for /home/kraska/Desktop/TP2_junqtional_programming/src/main/scala/JunqtionalApp.scala. Using presentation compiler with project's scala-library version: 3.3.4
2024.11.06 10:53:16 INFO  no build target found for /home/kraska/Desktop/TP2_junqtional_programming/src/main/scala/JunqtionalApp.scala. Using presentation compiler with project's scala-library version: 3.3.4
2024.11.06 10:53:16 INFO  no build target found for /home/kraska/Desktop/TP2_junqtional_programming/src/main/scala/JunqtionalApp.scala. Using presentation compiler with project's scala-library version: 3.3.4
2024.11.06 10:53:16 INFO  no build target found for /home/kraska/Desktop/TP2_junqtional_programming/src/main/scala/JunqtionalApp.scala. Using presentation compiler with project's scala-library version: 3.3.4
2024.11.06 10:53:16 INFO  no build target found for /home/kraska/Desktop/TP2_junqtional_programming/src/main/scala/JunqtionalApp.scala. Using presentation compiler with project's scala-library version: 3.3.4
2024.11.06 10:53:16 INFO  no build target found for /home/kraska/Desktop/TP2_junqtional_programming/src/main/scala/JunqtionalApp.scala. Using presentation compiler with project's scala-library version: 3.3.4
Nov 06, 2024 10:53:16 AM org.eclipse.lsp4j.jsonrpc.RemoteEndpoint handleCancellation
WARNING: Unmatched cancel notification for request id 95
2024.11.06 10:53:16 INFO  no build target found for /home/kraska/Desktop/TP2_junqtional_programming/src/main/scala/JunqtionalApp.scala. Using presentation compiler with project's scala-library version: 3.3.4
2024.11.06 10:53:16 INFO  no build target found for /home/kraska/Desktop/TP2_junqtional_programming/src/main/scala/JunqtionalApp.scala. Using presentation compiler with project's scala-library version: 3.3.4
2024.11.06 10:53:16 INFO  no build target found for /home/kraska/Desktop/TP2_junqtional_programming/src/main/scala/JunqtionalApp.scala. Using presentation compiler with project's scala-library version: 3.3.4
2024.11.06 10:53:16 INFO  no build target found for /home/kraska/Desktop/TP2_junqtional_programming/src/main/scala/JunqtionalApp.scala. Using presentation compiler with project's scala-library version: 3.3.4
2024.11.06 10:53:16 INFO  no build target found for /home/kraska/Desktop/TP2_junqtional_programming/src/main/scala/JunqtionalApp.scala. Using presentation compiler with project's scala-library version: 3.3.4
2024.11.06 10:53:17 INFO  no build target found for /home/kraska/Desktop/TP2_junqtional_programming/src/main/scala/JunqtionalApp.scala. Using presentation compiler with project's scala-library version: 3.3.4
2024.11.06 10:53:17 INFO  no build target found for /home/kraska/Desktop/TP2_junqtional_programming/src/main/scala/JunqtionalApp.scala. Using presentation compiler with project's scala-library version: 3.3.4
2024.11.06 10:53:17 INFO  no build target found for /home/kraska/Desktop/TP2_junqtional_programming/src/main/scala/JunqtionalApp.scala. Using presentation compiler with project's scala-library version: 3.3.4
2024.11.06 10:53:17 INFO  no build target found for /home/kraska/Desktop/TP2_junqtional_programming/src/main/scala/JunqtionalApp.scala. Using presentation compiler with project's scala-library version: 3.3.4
2024.11.06 10:53:17 INFO  no build target found for /home/kraska/Desktop/TP2_junqtional_programming/src/main/scala/JunqtionalApp.scala. Using presentation compiler with project's scala-library version: 3.3.4
2024.11.06 10:53:18 INFO  no build target found for /home/kraska/Desktop/TP2_junqtional_programming/src/main/scala/JunqtionalApp.scala. Using presentation compiler with project's scala-library version: 3.3.4
2024.11.06 10:53:18 INFO  no build target found for /home/kraska/Desktop/TP2_junqtional_programming/src/main/scala/JunqtionalApp.scala. Using presentation compiler with project's scala-library version: 3.3.4
2024.11.06 10:53:18 INFO  no build target found for /home/kraska/Desktop/TP2_junqtional_programming/src/main/scala/JunqtionalApp.scala. Using presentation compiler with project's scala-library version: 3.3.4
2024.11.06 10:53:18 INFO  no build target found for /home/kraska/Desktop/TP2_junqtional_programming/src/main/scala/JunqtionalApp.scala. Using presentation compiler with project's scala-library version: 3.3.4
2024.11.06 10:53:18 INFO  no build target found for /home/kraska/Desktop/TP2_junqtional_programming/src/main/scala/JunqtionalApp.scala. Using presentation compiler with project's scala-library version: 3.3.4
2024.11.06 10:53:19 INFO  no build target found for /home/kraska/Desktop/TP2_junqtional_programming/src/main/scala/JunqtionalApp.scala. Using presentation compiler with project's scala-library version: 3.3.4
2024.11.06 10:53:19 INFO  no build target found for /home/kraska/Desktop/TP2_junqtional_programming/src/main/scala/JunqtionalApp.scala. Using presentation compiler with project's scala-library version: 3.3.4
2024.11.06 10:53:19 INFO  no build target found for /home/kraska/Desktop/TP2_junqtional_programming/src/main/scala/JunqtionalApp.scala. Using presentation compiler with project's scala-library version: 3.3.4
2024.11.06 10:53:19 INFO  no build target found for /home/kraska/Desktop/TP2_junqtional_programming/src/main/scala/JunqtionalApp.scala. Using presentation compiler with project's scala-library version: 3.3.4
2024.11.06 10:53:21 INFO  no build target found for /home/kraska/Desktop/TP2_junqtional_programming/src/main/scala/JunqtionalApp.scala. Using presentation compiler with project's scala-library version: 3.3.4
2024.11.06 10:53:21 INFO  no build target found for /home/kraska/Desktop/TP2_junqtional_programming/src/main/scala/JunqtionalApp.scala. Using presentation compiler with project's scala-library version: 3.3.4
2024.11.06 10:53:24 INFO  no build target found for /home/kraska/Desktop/TP2_junqtional_programming/src/main/scala/JunqtionalApp.scala. Using presentation compiler with project's scala-library version: 3.3.4
2024.11.06 10:53:28 INFO  no build target found for /home/kraska/Desktop/TP2_junqtional_programming/src/main/scala/JunqtionalApp.scala. Using presentation compiler with project's scala-library version: 3.3.4
2024.11.06 10:53:28 INFO  no build target found for /home/kraska/Desktop/TP2_junqtional_programming/src/main/scala/JunqtionalApp.scala. Using presentation compiler with project's scala-library version: 3.3.4
2024.11.06 10:53:28 INFO  no build target found for /home/kraska/Desktop/TP2_junqtional_programming/src/main/scala/JunqtionalApp.scala. Using presentation compiler with project's scala-library version: 3.3.4
2024.11.06 10:53:28 INFO  no build target found for /home/kraska/Desktop/TP2_junqtional_programming/src/main/scala/JunqtionalApp.scala. Using presentation compiler with project's scala-library version: 3.3.4
2024.11.06 10:53:30 INFO  no build target found for /home/kraska/Desktop/TP2_junqtional_programming/src/main/scala/JunqtionalApp.scala. Using presentation compiler with project's scala-library version: 3.3.4
2024.11.06 10:53:30 INFO  no build target found for /home/kraska/Desktop/TP2_junqtional_programming/src/main/scala/JunqtionalApp.scala. Using presentation compiler with project's scala-library version: 3.3.4
2024.11.06 10:53:33 INFO  no build target found for /home/kraska/Desktop/TP2_junqtional_programming/src/main/scala/JunqtionalApp.scala. Using presentation compiler with project's scala-library version: 3.3.4
2024.11.06 10:53:33 INFO  no build target found for /home/kraska/Desktop/TP2_junqtional_programming/src/main/scala/JunqtionalApp.scala. Using presentation compiler with project's scala-library version: 3.3.4
2024.11.06 10:53:33 INFO  no build target found for /home/kraska/Desktop/TP2_junqtional_programming/src/main/scala/JunqtionalApp.scala. Using presentation compiler with project's scala-library version: 3.3.4
2024.11.06 10:53:33 INFO  no build target found for /home/kraska/Desktop/TP2_junqtional_programming/src/main/scala/JunqtionalApp.scala. Using presentation compiler with project's scala-library version: 3.3.4
2024.11.06 10:53:34 INFO  no build target found for /home/kraska/Desktop/TP2_junqtional_programming/src/main/scala/JunqtionalApp.scala. Using presentation compiler with project's scala-library version: 3.3.4
2024.11.06 10:53:34 INFO  no build target found for /home/kraska/Desktop/TP2_junqtional_programming/src/main/scala/JunqtionalApp.scala. Using presentation compiler with project's scala-library version: 3.3.4
2024.11.06 10:53:36 INFO  no build target found for /home/kraska/Desktop/TP2_junqtional_programming/src/main/scala/JunqtionalApp.scala. Using presentation compiler with project's scala-library version: 3.3.4
2024.11.06 10:53:36 INFO  no build target found for /home/kraska/Desktop/TP2_junqtional_programming/src/main/scala/JunqtionalApp.scala. Using presentation compiler with project's scala-library version: 3.3.4
2024.11.06 10:53:36 INFO  no build target found for /home/kraska/Desktop/TP2_junqtional_programming/src/main/scala/JunqtionalApp.scala. Using presentation compiler with project's scala-library version: 3.3.4
2024.11.06 10:53:36 INFO  no build target found for /home/kraska/Desktop/TP2_junqtional_programming/src/main/scala/JunqtionalApp.scala. Using presentation compiler with project's scala-library version: 3.3.4
2024.11.06 10:53:36 INFO  no build target found for /home/kraska/Desktop/TP2_junqtional_programming/src/main/scala/JunqtionalApp.scala. Using presentation compiler with project's scala-library version: 3.3.4
2024.11.06 10:53:36 INFO  no build target found for /home/kraska/Desktop/TP2_junqtional_programming/src/main/scala/JunqtionalApp.scala. Using presentation compiler with project's scala-library version: 3.3.4
2024.11.06 10:53:37 INFO  no build target found for /home/kraska/Desktop/TP2_junqtional_programming/src/main/scala/JunqtionalApp.scala. Using presentation compiler with project's scala-library version: 3.3.4
2024.11.06 10:53:37 INFO  no build target found for /home/kraska/Desktop/TP2_junqtional_programming/src/main/scala/JunqtionalApp.scala. Using presentation compiler with project's scala-library version: 3.3.4
2024.11.06 10:53:37 INFO  no build target found for /home/kraska/Desktop/TP2_junqtional_programming/src/main/scala/JunqtionalApp.scala. Using presentation compiler with project's scala-library version: 3.3.4
2024.11.06 10:53:37 INFO  no build target found for /home/kraska/Desktop/TP2_junqtional_programming/src/main/scala/JunqtionalApp.scala. Using presentation compiler with project's scala-library version: 3.3.4
2024.11.06 10:53:37 INFO  no build target found for /home/kraska/Desktop/TP2_junqtional_programming/src/main/scala/JunqtionalApp.scala. Using presentation compiler with project's scala-library version: 3.3.4
2024.11.06 10:53:39 INFO  no build target found for /home/kraska/Desktop/TP2_junqtional_programming/src/main/scala/JunqtionalApp.scala. Using presentation compiler with project's scala-library version: 3.3.4
2024.11.06 10:53:39 INFO  no build target found for /home/kraska/Desktop/TP2_junqtional_programming/src/main/scala/JunqtionalApp.scala. Using presentation compiler with project's scala-library version: 3.3.4
2024.11.06 10:53:39 INFO  no build target found for /home/kraska/Desktop/TP2_junqtional_programming/src/main/scala/JunqtionalApp.scala. Using presentation compiler with project's scala-library version: 3.3.4
2024.11.06 10:53:39 INFO  no build target found for /home/kraska/Desktop/TP2_junqtional_programming/src/main/scala/JunqtionalApp.scala. Using presentation compiler with project's scala-library version: 3.3.4
2024.11.06 10:53:39 INFO  no build target found for /home/kraska/Desktop/TP2_junqtional_programming/src/main/scala/JunqtionalApp.scala. Using presentation compiler with project's scala-library version: 3.3.4
2024.11.06 10:53:39 INFO  no build target found for /home/kraska/Desktop/TP2_junqtional_programming/src/main/scala/JunqtionalApp.scala. Using presentation compiler with project's scala-library version: 3.3.4
2024.11.06 10:53:41 INFO  no build target found for /home/kraska/Desktop/TP2_junqtional_programming/src/main/scala/JunqtionalApp.scala. Using presentation compiler with project's scala-library version: 3.3.4
2024.11.06 10:53:41 INFO  no build target found for /home/kraska/Desktop/TP2_junqtional_programming/src/main/scala/JunqtionalApp.scala. Using presentation compiler with project's scala-library version: 3.3.4
2024.11.06 10:53:41 INFO  no build target found for /home/kraska/Desktop/TP2_junqtional_programming/src/main/scala/JunqtionalApp.scala. Using presentation compiler with project's scala-library version: 3.3.4
2024.11.06 10:53:42 INFO  no build target found for /home/kraska/Desktop/TP2_junqtional_programming/src/main/scala/JunqtionalApp.scala. Using presentation compiler with project's scala-library version: 3.3.4
2024.11.06 10:53:42 INFO  no build target found for /home/kraska/Desktop/TP2_junqtional_programming/src/main/scala/JunqtionalApp.scala. Using presentation compiler with project's scala-library version: 3.3.4
2024.11.06 10:53:42 INFO  no build target found for /home/kraska/Desktop/TP2_junqtional_programming/src/main/scala/JunqtionalApp.scala. Using presentation compiler with project's scala-library version: 3.3.4
2024.11.06 10:53:42 INFO  no build target found for /home/kraska/Desktop/TP2_junqtional_programming/src/main/scala/JunqtionalApp.scala. Using presentation compiler with project's scala-library version: 3.3.4
2024.11.06 10:53:42 INFO  no build target found for /home/kraska/Desktop/TP2_junqtional_programming/src/main/scala/JunqtionalApp.scala. Using presentation compiler with project's scala-library version: 3.3.4
2024.11.06 10:53:42 INFO  no build target found for /home/kraska/Desktop/TP2_junqtional_programming/src/main/scala/JunqtionalApp.scala. Using presentation compiler with project's scala-library version: 3.3.4
2024.11.06 10:53:42 INFO  no build target found for /home/kraska/Desktop/TP2_junqtional_programming/src/main/scala/JunqtionalApp.scala. Using presentation compiler with project's scala-library version: 3.3.4
2024.11.06 10:53:42 INFO  no build target found for /home/kraska/Desktop/TP2_junqtional_programming/src/main/scala/JunqtionalApp.scala. Using presentation compiler with project's scala-library version: 3.3.4
2024.11.06 10:53:43 INFO  no build target found for /home/kraska/Desktop/TP2_junqtional_programming/src/main/scala/JunqtionalApp.scala. Using presentation compiler with project's scala-library version: 3.3.4
2024.11.06 10:53:43 INFO  no build target found for /home/kraska/Desktop/TP2_junqtional_programming/src/main/scala/JunqtionalApp.scala. Using presentation compiler with project's scala-library version: 3.3.4
2024.11.06 10:53:43 INFO  no build target found for /home/kraska/Desktop/TP2_junqtional_programming/src/main/scala/JunqtionalApp.scala. Using presentation compiler with project's scala-library version: 3.3.4
2024.11.06 10:53:43 INFO  no build target found for /home/kraska/Desktop/TP2_junqtional_programming/src/main/scala/JunqtionalApp.scala. Using presentation compiler with project's scala-library version: 3.3.4
2024.11.06 10:53:43 INFO  no build target found for /home/kraska/Desktop/TP2_junqtional_programming/src/main/scala/JunqtionalApp.scala. Using presentation compiler with project's scala-library version: 3.3.4
2024.11.06 10:53:43 INFO  no build target found for /home/kraska/Desktop/TP2_junqtional_programming/src/main/scala/JunqtionalApp.scala. Using presentation compiler with project's scala-library version: 3.3.4
2024.11.06 10:53:43 INFO  no build target found for /home/kraska/Desktop/TP2_junqtional_programming/src/main/scala/JunqtionalApp.scala. Using presentation compiler with project's scala-library version: 3.3.4
2024.11.06 10:53:43 INFO  no build target found for /home/kraska/Desktop/TP2_junqtional_programming/src/main/scala/JunqtionalApp.scala. Using presentation compiler with project's scala-library version: 3.3.4
2024.11.06 10:53:44 INFO  no build target found for /home/kraska/Desktop/TP2_junqtional_programming/src/main/scala/JunqtionalApp.scala. Using presentation compiler with project's scala-library version: 3.3.4
2024.11.06 10:53:44 INFO  no build target found for /home/kraska/Desktop/TP2_junqtional_programming/src/main/scala/JunqtionalApp.scala. Using presentation compiler with project's scala-library version: 3.3.4
2024.11.06 10:53:48 INFO  no build target found for /home/kraska/Desktop/TP2_junqtional_programming/src/main/scala/JunqtionalApp.scala. Using presentation compiler with project's scala-library version: 3.3.4
2024.11.06 10:53:48 WARN  no build target for: /home/kraska/Desktop/TP2_junqtional_programming/src/main/scala/JunqtionalApp.scala
2024.11.06 10:53:48 INFO  no build target found for /home/kraska/Desktop/TP2_junqtional_programming/src/main/scala/JunqtionalApp.scala. Using presentation compiler with project's scala-library version: 3.3.4
2024.11.06 10:54:03 INFO  no build target found for /home/kraska/Desktop/TP2_junqtional_programming/src/main/scala/JunqtionalApp.scala. Using presentation compiler with project's scala-library version: 3.3.4
2024.11.06 10:54:03 INFO  no build target found for /home/kraska/Desktop/TP2_junqtional_programming/src/main/scala/JunqtionalApp.scala. Using presentation compiler with project's scala-library version: 3.3.4
2024.11.06 10:54:03 INFO  no build target found for /home/kraska/Desktop/TP2_junqtional_programming/src/main/scala/JunqtionalApp.scala. Using presentation compiler with project's scala-library version: 3.3.4
2024.11.06 10:55:43 INFO  no build target found for /home/kraska/Desktop/TP2_junqtional_programming/src/main/scala/JunqtionalApp.scala. Using presentation compiler with project's scala-library version: 3.3.4
2024.11.06 10:56:08 INFO  no build target found for /home/kraska/Desktop/TP2_junqtional_programming/src/main/scala/JunqtionalApp.scala. Using presentation compiler with project's scala-library version: 3.3.4
2024.11.06 10:56:08 INFO  no build target found for /home/kraska/Desktop/TP2_junqtional_programming/src/main/scala/JunqtionalApp.scala. Using presentation compiler with project's scala-library version: 3.3.4
2024.11.06 10:56:08 INFO  no build target found for /home/kraska/Desktop/TP2_junqtional_programming/src/main/scala/JunqtionalApp.scala. Using presentation compiler with project's scala-library version: 3.3.4
2024.11.06 10:56:09 INFO  no build target found for /home/kraska/Desktop/TP2_junqtional_programming/src/main/scala/JunqtionalApp.scala. Using presentation compiler with project's scala-library version: 3.3.4
2024.11.06 10:56:09 INFO  no build target found for /home/kraska/Desktop/TP2_junqtional_programming/src/main/scala/JunqtionalApp.scala. Using presentation compiler with project's scala-library version: 3.3.4
2024.11.06 10:56:10 INFO  no build target found for /home/kraska/Desktop/TP2_junqtional_programming/src/main/scala/JunqtionalApp.scala. Using presentation compiler with project's scala-library version: 3.3.4
2024.11.06 10:56:10 INFO  no build target found for /home/kraska/Desktop/TP2_junqtional_programming/src/main/scala/JunqtionalApp.scala. Using presentation compiler with project's scala-library version: 3.3.4
2024.11.06 10:56:10 INFO  no build target found for /home/kraska/Desktop/TP2_junqtional_programming/src/main/scala/JunqtionalApp.scala. Using presentation compiler with project's scala-library version: 3.3.4
2024.11.06 10:56:11 INFO  no build target found for /home/kraska/Desktop/TP2_junqtional_programming/src/main/scala/JunqtionalApp.scala. Using presentation compiler with project's scala-library version: 3.3.4
2024.11.06 10:56:13 INFO  no build target found for /home/kraska/Desktop/TP2_junqtional_programming/src/main/scala/JunqtionalApp.scala. Using presentation compiler with project's scala-library version: 3.3.4
2024.11.06 10:56:13 INFO  no build target found for /home/kraska/Desktop/TP2_junqtional_programming/src/main/scala/JunqtionalApp.scala. Using presentation compiler with project's scala-library version: 3.3.4
2024.11.06 10:56:13 INFO  no build target found for /home/kraska/Desktop/TP2_junqtional_programming/src/main/scala/JunqtionalApp.scala. Using presentation compiler with project's scala-library version: 3.3.4
2024.11.06 10:56:13 INFO  no build target found for /home/kraska/Desktop/TP2_junqtional_programming/src/main/scala/JunqtionalApp.scala. Using presentation compiler with project's scala-library version: 3.3.4
2024.11.06 10:56:13 WARN  no build target for: /home/kraska/Desktop/TP2_junqtional_programming/src/main/scala/JunqtionalApp.scala
2024.11.06 10:56:13 INFO  no build target found for /home/kraska/Desktop/TP2_junqtional_programming/src/main/scala/JunqtionalApp.scala. Using presentation compiler with project's scala-library version: 3.3.4
2024.11.06 10:57:31 INFO  no build target found for /home/kraska/Desktop/TP2_junqtional_programming/src/main/scala/JunqtionalApp.scala. Using presentation compiler with project's scala-library version: 3.3.4
2024.11.06 10:57:31 INFO  no build target found for /home/kraska/Desktop/TP2_junqtional_programming/src/main/scala/JunqtionalApp.scala. Using presentation compiler with project's scala-library version: 3.3.4
2024.11.06 10:57:34 INFO  no build target found for /home/kraska/Desktop/TP2_junqtional_programming/src/main/scala/JunqtionalApp.scala. Using presentation compiler with project's scala-library version: 3.3.4
2024.11.06 10:57:34 INFO  no build target found for /home/kraska/Desktop/TP2_junqtional_programming/src/main/scala/JunqtionalApp.scala. Using presentation compiler with project's scala-library version: 3.3.4
2024.11.06 10:57:35 INFO  no build target found for /home/kraska/Desktop/TP2_junqtional_programming/src/main/scala/JunqtionalApp.scala. Using presentation compiler with project's scala-library version: 3.3.4
2024.11.06 10:57:35 INFO  no build target found for /home/kraska/Desktop/TP2_junqtional_programming/src/main/scala/JunqtionalApp.scala. Using presentation compiler with project's scala-library version: 3.3.4
2024.11.06 10:57:37 WARN  no build target for: /home/kraska/Desktop/TP2_junqtional_programming/src/main/scala/JunqtionalApp.scala
2024.11.06 10:57:37 INFO  no build target found for /home/kraska/Desktop/TP2_junqtional_programming/src/main/scala/JunqtionalApp.scala. Using presentation compiler with project's scala-library version: 3.3.4
2024.11.06 11:12:46 INFO  no build target found for /home/kraska/Desktop/TP2_junqtional_programming/src/main/scala/JunqtionalApp.scala. Using presentation compiler with project's scala-library version: 3.3.4
2024.11.06 11:12:46 INFO  no build target found for /home/kraska/Desktop/TP2_junqtional_programming/src/main/scala/JunqtionalApp.scala. Using presentation compiler with project's scala-library version: 3.3.4
2024.11.06 11:12:46 INFO  no build target found for /home/kraska/Desktop/TP2_junqtional_programming/src/main/scala/JunqtionalApp.scala. Using presentation compiler with project's scala-library version: 3.3.4
2024.11.06 11:12:47 INFO  no build target found for /home/kraska/Desktop/TP2_junqtional_programming/src/main/scala/JunqtionalApp.scala. Using presentation compiler with project's scala-library version: 3.3.4
2024.11.06 11:12:47 INFO  no build target found for /home/kraska/Desktop/TP2_junqtional_programming/src/main/scala/JunqtionalApp.scala. Using presentation compiler with project's scala-library version: 3.3.4
2024.11.06 11:12:47 INFO  no build target found for /home/kraska/Desktop/TP2_junqtional_programming/src/main/scala/JunqtionalApp.scala. Using presentation compiler with project's scala-library version: 3.3.4
2024.11.06 11:12:48 INFO  no build target found for /home/kraska/Desktop/TP2_junqtional_programming/src/main/scala/JunqtionalApp.scala. Using presentation compiler with project's scala-library version: 3.3.4
2024.11.06 11:12:48 INFO  no build target found for /home/kraska/Desktop/TP2_junqtional_programming/src/main/scala/JunqtionalApp.scala. Using presentation compiler with project's scala-library version: 3.3.4
2024.11.06 11:12:48 INFO  no build target found for /home/kraska/Desktop/TP2_junqtional_programming/src/main/scala/JunqtionalApp.scala. Using presentation compiler with project's scala-library version: 3.3.4
2024.11.06 11:12:50 INFO  no build target found for /home/kraska/Desktop/TP2_junqtional_programming/src/main/scala/JunqtionalApp.scala. Using presentation compiler with project's scala-library version: 3.3.4
2024.11.06 11:12:50 INFO  no build target found for /home/kraska/Desktop/TP2_junqtional_programming/src/main/scala/JunqtionalApp.scala. Using presentation compiler with project's scala-library version: 3.3.4
2024.11.06 11:12:54 INFO  no build target found for /home/kraska/Desktop/TP2_junqtional_programming/src/main/scala/JunqtionalApp.scala. Using presentation compiler with project's scala-library version: 3.3.4
2024.11.06 11:12:54 INFO  no build target found for /home/kraska/Desktop/TP2_junqtional_programming/src/main/scala/JunqtionalApp.scala. Using presentation compiler with project's scala-library version: 3.3.4
2024.11.06 11:12:54 INFO  no build target found for /home/kraska/Desktop/TP2_junqtional_programming/src/main/scala/JunqtionalApp.scala. Using presentation compiler with project's scala-library version: 3.3.4
2024.11.06 11:12:55 INFO  no build target found for /home/kraska/Desktop/TP2_junqtional_programming/src/main/scala/JunqtionalApp.scala. Using presentation compiler with project's scala-library version: 3.3.4
2024.11.06 11:12:55 INFO  no build target found for /home/kraska/Desktop/TP2_junqtional_programming/src/main/scala/JunqtionalApp.scala. Using presentation compiler with project's scala-library version: 3.3.4
2024.11.06 11:12:55 INFO  no build target found for /home/kraska/Desktop/TP2_junqtional_programming/src/main/scala/JunqtionalApp.scala. Using presentation compiler with project's scala-library version: 3.3.4
2024.11.06 11:12:57 INFO  no build target found for /home/kraska/Desktop/TP2_junqtional_programming/src/main/scala/JunqtionalApp.scala. Using presentation compiler with project's scala-library version: 3.3.4
2024.11.06 11:12:57 INFO  no build target found for /home/kraska/Desktop/TP2_junqtional_programming/src/main/scala/JunqtionalApp.scala. Using presentation compiler with project's scala-library version: 3.3.4
2024.11.06 11:13:00 INFO  no build target found for /home/kraska/Desktop/TP2_junqtional_programming/src/main/scala/JunqtionalApp.scala. Using presentation compiler with project's scala-library version: 3.3.4
2024.11.06 11:13:00 INFO  no build target found for /home/kraska/Desktop/TP2_junqtional_programming/src/main/scala/JunqtionalApp.scala. Using presentation compiler with project's scala-library version: 3.3.4
2024.11.06 11:13:04 INFO  no build target found for /home/kraska/Desktop/TP2_junqtional_programming/src/main/scala/JunqtionalApp.scala. Using presentation compiler with project's scala-library version: 3.3.4
2024.11.06 11:13:04 INFO  no build target found for /home/kraska/Desktop/TP2_junqtional_programming/src/main/scala/JunqtionalApp.scala. Using presentation compiler with project's scala-library version: 3.3.4
2024.11.06 11:13:04 INFO  no build target found for /home/kraska/Desktop/TP2_junqtional_programming/src/main/scala/JunqtionalApp.scala. Using presentation compiler with project's scala-library version: 3.3.4
2024.11.06 11:13:05 INFO  no build target found for /home/kraska/Desktop/TP2_junqtional_programming/src/main/scala/JunqtionalApp.scala. Using presentation compiler with project's scala-library version: 3.3.4
2024.11.06 11:13:07 INFO  no build target found for /home/kraska/Desktop/TP2_junqtional_programming/src/main/scala/JunqtionalApp.scala. Using presentation compiler with project's scala-library version: 3.3.4
2024.11.06 11:13:07 INFO  no build target found for /home/kraska/Desktop/TP2_junqtional_programming/src/main/scala/JunqtionalApp.scala. Using presentation compiler with project's scala-library version: 3.3.4
2024.11.06 11:13:07 INFO  no build target found for /home/kraska/Desktop/TP2_junqtional_programming/src/main/scala/JunqtionalApp.scala. Using presentation compiler with project's scala-library version: 3.3.4
2024.11.06 11:13:08 INFO  no build target found for /home/kraska/Desktop/TP2_junqtional_programming/src/main/scala/JunqtionalApp.scala. Using presentation compiler with project's scala-library version: 3.3.4
2024.11.06 11:13:08 INFO  no build target found for /home/kraska/Desktop/TP2_junqtional_programming/src/main/scala/JunqtionalApp.scala. Using presentation compiler with project's scala-library version: 3.3.4
2024.11.06 11:13:08 INFO  no build target found for /home/kraska/Desktop/TP2_junqtional_programming/src/main/scala/JunqtionalApp.scala. Using presentation compiler with project's scala-library version: 3.3.4
2024.11.06 11:13:08 INFO  no build target found for /home/kraska/Desktop/TP2_junqtional_programming/src/main/scala/JunqtionalApp.scala. Using presentation compiler with project's scala-library version: 3.3.4
2024.11.06 11:13:09 INFO  no build target found for /home/kraska/Desktop/TP2_junqtional_programming/src/main/scala/JunqtionalApp.scala. Using presentation compiler with project's scala-library version: 3.3.4
2024.11.06 11:13:09 INFO  no build target found for /home/kraska/Desktop/TP2_junqtional_programming/src/main/scala/JunqtionalApp.scala. Using presentation compiler with project's scala-library version: 3.3.4
2024.11.06 11:13:09 INFO  no build target found for /home/kraska/Desktop/TP2_junqtional_programming/src/main/scala/JunqtionalApp.scala. Using presentation compiler with project's scala-library version: 3.3.4
2024.11.06 11:13:09 INFO  no build target found for /home/kraska/Desktop/TP2_junqtional_programming/src/main/scala/JunqtionalApp.scala. Using presentation compiler with project's scala-library version: 3.3.4
2024.11.06 11:13:09 INFO  no build target found for /home/kraska/Desktop/TP2_junqtional_programming/src/main/scala/JunqtionalApp.scala. Using presentation compiler with project's scala-library version: 3.3.4
2024.11.06 11:13:09 INFO  no build target found for /home/kraska/Desktop/TP2_junqtional_programming/src/main/scala/JunqtionalApp.scala. Using presentation compiler with project's scala-library version: 3.3.4
2024.11.06 11:13:09 INFO  no build target found for /home/kraska/Desktop/TP2_junqtional_programming/src/main/scala/JunqtionalApp.scala. Using presentation compiler with project's scala-library version: 3.3.4
2024.11.06 11:13:09 INFO  no build target found for /home/kraska/Desktop/TP2_junqtional_programming/src/main/scala/JunqtionalApp.scala. Using presentation compiler with project's scala-library version: 3.3.4
2024.11.06 11:13:09 INFO  no build target found for /home/kraska/Desktop/TP2_junqtional_programming/src/main/scala/JunqtionalApp.scala. Using presentation compiler with project's scala-library version: 3.3.4
2024.11.06 11:13:09 INFO  no build target found for /home/kraska/Desktop/TP2_junqtional_programming/src/main/scala/JunqtionalApp.scala. Using presentation compiler with project's scala-library version: 3.3.4
2024.11.06 11:13:10 INFO  no build target found for /home/kraska/Desktop/TP2_junqtional_programming/src/main/scala/JunqtionalApp.scala. Using presentation compiler with project's scala-library version: 3.3.4
Nov 06, 2024 11:13:10 AM org.eclipse.lsp4j.jsonrpc.RemoteEndpoint handleCancellation
WARNING: Unmatched cancel notification for request id 408
2024.11.06 11:13:10 INFO  no build target found for /home/kraska/Desktop/TP2_junqtional_programming/src/main/scala/JunqtionalApp.scala. Using presentation compiler with project's scala-library version: 3.3.4
Nov 06, 2024 11:13:10 AM org.eclipse.lsp4j.jsonrpc.RemoteEndpoint handleCancellation
WARNING: Unmatched cancel notification for request id 409
2024.11.06 11:13:10 INFO  no build target found for /home/kraska/Desktop/TP2_junqtional_programming/src/main/scala/JunqtionalApp.scala. Using presentation compiler with project's scala-library version: 3.3.4
2024.11.06 11:13:10 INFO  no build target found for /home/kraska/Desktop/TP2_junqtional_programming/src/main/scala/JunqtionalApp.scala. Using presentation compiler with project's scala-library version: 3.3.4
2024.11.06 11:13:10 INFO  no build target found for /home/kraska/Desktop/TP2_junqtional_programming/src/main/scala/JunqtionalApp.scala. Using presentation compiler with project's scala-library version: 3.3.4
2024.11.06 11:13:10 INFO  no build target found for /home/kraska/Desktop/TP2_junqtional_programming/src/main/scala/JunqtionalApp.scala. Using presentation compiler with project's scala-library version: 3.3.4
2024.11.06 11:13:10 INFO  no build target found for /home/kraska/Desktop/TP2_junqtional_programming/src/main/scala/JunqtionalApp.scala. Using presentation compiler with project's scala-library version: 3.3.4
2024.11.06 11:13:10 INFO  no build target found for /home/kraska/Desktop/TP2_junqtional_programming/src/main/scala/JunqtionalApp.scala. Using presentation compiler with project's scala-library version: 3.3.4
2024.11.06 11:13:10 INFO  no build target found for /home/kraska/Desktop/TP2_junqtional_programming/src/main/scala/JunqtionalApp.scala. Using presentation compiler with project's scala-library version: 3.3.4
2024.11.06 11:13:10 INFO  no build target found for /home/kraska/Desktop/TP2_junqtional_programming/src/main/scala/JunqtionalApp.scala. Using presentation compiler with project's scala-library version: 3.3.4
2024.11.06 11:13:10 INFO  no build target found for /home/kraska/Desktop/TP2_junqtional_programming/src/main/scala/JunqtionalApp.scala. Using presentation compiler with project's scala-library version: 3.3.4
2024.11.06 11:13:10 INFO  no build target found for /home/kraska/Desktop/TP2_junqtional_programming/src/main/scala/JunqtionalApp.scala. Using presentation compiler with project's scala-library version: 3.3.4
2024.11.06 11:13:10 INFO  no build target found for /home/kraska/Desktop/TP2_junqtional_programming/src/main/scala/JunqtionalApp.scala. Using presentation compiler with project's scala-library version: 3.3.4
2024.11.06 11:13:10 INFO  no build target found for /home/kraska/Desktop/TP2_junqtional_programming/src/main/scala/JunqtionalApp.scala. Using presentation compiler with project's scala-library version: 3.3.4
2024.11.06 11:13:10 INFO  no build target found for /home/kraska/Desktop/TP2_junqtional_programming/src/main/scala/JunqtionalApp.scala. Using presentation compiler with project's scala-library version: 3.3.4
2024.11.06 11:13:10 INFO  no build target found for /home/kraska/Desktop/TP2_junqtional_programming/src/main/scala/JunqtionalApp.scala. Using presentation compiler with project's scala-library version: 3.3.4
2024.11.06 11:13:11 INFO  no build target found for /home/kraska/Desktop/TP2_junqtional_programming/src/main/scala/JunqtionalApp.scala. Using presentation compiler with project's scala-library version: 3.3.4
2024.11.06 11:13:11 INFO  no build target found for /home/kraska/Desktop/TP2_junqtional_programming/src/main/scala/JunqtionalApp.scala. Using presentation compiler with project's scala-library version: 3.3.4
2024.11.06 11:13:11 INFO  no build target found for /home/kraska/Desktop/TP2_junqtional_programming/src/main/scala/JunqtionalApp.scala. Using presentation compiler with project's scala-library version: 3.3.4
2024.11.06 11:13:11 INFO  no build target found for /home/kraska/Desktop/TP2_junqtional_programming/src/main/scala/JunqtionalApp.scala. Using presentation compiler with project's scala-library version: 3.3.4
2024.11.06 11:13:12 INFO  no build target found for /home/kraska/Desktop/TP2_junqtional_programming/src/main/scala/JunqtionalApp.scala. Using presentation compiler with project's scala-library version: 3.3.4
2024.11.06 11:13:12 INFO  no build target found for /home/kraska/Desktop/TP2_junqtional_programming/src/main/scala/JunqtionalApp.scala. Using presentation compiler with project's scala-library version: 3.3.4
2024.11.06 11:13:12 INFO  no build target found for /home/kraska/Desktop/TP2_junqtional_programming/src/main/scala/JunqtionalApp.scala. Using presentation compiler with project's scala-library version: 3.3.4
2024.11.06 11:13:14 INFO  no build target found for /home/kraska/Desktop/TP2_junqtional_programming/src/main/scala/JunqtionalApp.scala. Using presentation compiler with project's scala-library version: 3.3.4
2024.11.06 11:13:14 INFO  no build target found for /home/kraska/Desktop/TP2_junqtional_programming/src/main/scala/JunqtionalApp.scala. Using presentation compiler with project's scala-library version: 3.3.4
2024.11.06 11:13:14 INFO  no build target found for /home/kraska/Desktop/TP2_junqtional_programming/src/main/scala/JunqtionalApp.scala. Using presentation compiler with project's scala-library version: 3.3.4
2024.11.06 11:13:16 INFO  no build target found for /home/kraska/Desktop/TP2_junqtional_programming/src/main/scala/JunqtionalApp.scala. Using presentation compiler with project's scala-library version: 3.3.4
2024.11.06 11:13:16 INFO  no build target found for /home/kraska/Desktop/TP2_junqtional_programming/src/main/scala/JunqtionalApp.scala. Using presentation compiler with project's scala-library version: 3.3.4
2024.11.06 11:13:16 INFO  no build target found for /home/kraska/Desktop/TP2_junqtional_programming/src/main/scala/JunqtionalApp.scala. Using presentation compiler with project's scala-library version: 3.3.4
2024.11.06 11:13:16 INFO  no build target found for /home/kraska/Desktop/TP2_junqtional_programming/src/main/scala/JunqtionalApp.scala. Using presentation compiler with project's scala-library version: 3.3.4
2024.11.06 11:13:17 INFO  no build target found for /home/kraska/Desktop/TP2_junqtional_programming/src/main/scala/JunqtionalApp.scala. Using presentation compiler with project's scala-library version: 3.3.4
2024.11.06 11:13:17 INFO  no build target found for /home/kraska/Desktop/TP2_junqtional_programming/src/main/scala/JunqtionalApp.scala. Using presentation compiler with project's scala-library version: 3.3.4
2024.11.06 11:13:22 INFO  no build target found for /home/kraska/Desktop/TP2_junqtional_programming/src/main/scala/JunqtionalApp.scala. Using presentation compiler with project's scala-library version: 3.3.4
2024.11.06 11:13:22 INFO  no build target found for /home/kraska/Desktop/TP2_junqtional_programming/src/main/scala/JunqtionalApp.scala. Using presentation compiler with project's scala-library version: 3.3.4
2024.11.06 11:13:23 INFO  no build target found for /home/kraska/Desktop/TP2_junqtional_programming/src/main/scala/JunqtionalApp.scala. Using presentation compiler with project's scala-library version: 3.3.4
2024.11.06 11:13:23 INFO  no build target found for /home/kraska/Desktop/TP2_junqtional_programming/src/main/scala/JunqtionalApp.scala. Using presentation compiler with project's scala-library version: 3.3.4
2024.11.06 11:13:23 INFO  no build target found for /home/kraska/Desktop/TP2_junqtional_programming/src/main/scala/JunqtionalApp.scala. Using presentation compiler with project's scala-library version: 3.3.4
2024.11.06 11:13:25 INFO  no build target found for /home/kraska/Desktop/TP2_junqtional_programming/src/main/scala/JunqtionalApp.scala. Using presentation compiler with project's scala-library version: 3.3.4
2024.11.06 11:13:25 INFO  no build target found for /home/kraska/Desktop/TP2_junqtional_programming/src/main/scala/JunqtionalApp.scala. Using presentation compiler with project's scala-library version: 3.3.4
2024.11.06 11:13:25 INFO  no build target found for /home/kraska/Desktop/TP2_junqtional_programming/src/main/scala/JunqtionalApp.scala. Using presentation compiler with project's scala-library version: 3.3.4
2024.11.06 11:13:25 INFO  no build target found for /home/kraska/Desktop/TP2_junqtional_programming/src/main/scala/JunqtionalApp.scala. Using presentation compiler with project's scala-library version: 3.3.4
2024.11.06 11:13:27 INFO  no build target found for /home/kraska/Desktop/TP2_junqtional_programming/src/main/scala/JunqtionalApp.scala. Using presentation compiler with project's scala-library version: 3.3.4
2024.11.06 11:13:27 INFO  no build target found for /home/kraska/Desktop/TP2_junqtional_programming/src/main/scala/JunqtionalApp.scala. Using presentation compiler with project's scala-library version: 3.3.4
2024.11.06 11:13:29 INFO  no build target found for /home/kraska/Desktop/TP2_junqtional_programming/src/main/scala/JunqtionalApp.scala. Using presentation compiler with project's scala-library version: 3.3.4
2024.11.06 11:13:29 INFO  no build target found for /home/kraska/Desktop/TP2_junqtional_programming/src/main/scala/JunqtionalApp.scala. Using presentation compiler with project's scala-library version: 3.3.4
2024.11.06 11:13:30 INFO  no build target found for /home/kraska/Desktop/TP2_junqtional_programming/src/main/scala/JunqtionalApp.scala. Using presentation compiler with project's scala-library version: 3.3.4
2024.11.06 11:13:30 INFO  no build target found for /home/kraska/Desktop/TP2_junqtional_programming/src/main/scala/JunqtionalApp.scala. Using presentation compiler with project's scala-library version: 3.3.4
2024.11.06 11:13:30 INFO  no build target found for /home/kraska/Desktop/TP2_junqtional_programming/src/main/scala/JunqtionalApp.scala. Using presentation compiler with project's scala-library version: 3.3.4
2024.11.06 11:13:30 INFO  no build target found for /home/kraska/Desktop/TP2_junqtional_programming/src/main/scala/JunqtionalApp.scala. Using presentation compiler with project's scala-library version: 3.3.4
2024.11.06 11:13:33 INFO  no build target found for /home/kraska/Desktop/TP2_junqtional_programming/src/main/scala/JunqtionalApp.scala. Using presentation compiler with project's scala-library version: 3.3.4
2024.11.06 11:13:33 INFO  no build target found for /home/kraska/Desktop/TP2_junqtional_programming/src/main/scala/JunqtionalApp.scala. Using presentation compiler with project's scala-library version: 3.3.4
2024.11.06 11:13:34 INFO  no build target found for /home/kraska/Desktop/TP2_junqtional_programming/src/main/scala/JunqtionalApp.scala. Using presentation compiler with project's scala-library version: 3.3.4
2024.11.06 11:13:36 INFO  no build target found for /home/kraska/Desktop/TP2_junqtional_programming/src/main/scala/JunqtionalApp.scala. Using presentation compiler with project's scala-library version: 3.3.4
2024.11.06 11:13:36 INFO  no build target found for /home/kraska/Desktop/TP2_junqtional_programming/src/main/scala/JunqtionalApp.scala. Using presentation compiler with project's scala-library version: 3.3.4
2024.11.06 11:13:37 INFO  no build target found for /home/kraska/Desktop/TP2_junqtional_programming/src/main/scala/JunqtionalApp.scala. Using presentation compiler with project's scala-library version: 3.3.4
2024.11.06 11:13:40 INFO  no build target found for /home/kraska/Desktop/TP2_junqtional_programming/src/main/scala/JunqtionalApp.scala. Using presentation compiler with project's scala-library version: 3.3.4
2024.11.06 11:13:40 INFO  no build target found for /home/kraska/Desktop/TP2_junqtional_programming/src/main/scala/JunqtionalApp.scala. Using presentation compiler with project's scala-library version: 3.3.4
2024.11.06 11:13:46 INFO  no build target found for /home/kraska/Desktop/TP2_junqtional_programming/src/main/scala/JunqtionalApp.scala. Using presentation compiler with project's scala-library version: 3.3.4
2024.11.06 11:13:49 INFO  no build target found for /home/kraska/Desktop/TP2_junqtional_programming/src/main/scala/JunqtionalApp.scala. Using presentation compiler with project's scala-library version: 3.3.4
2024.11.06 11:13:49 INFO  no build target found for /home/kraska/Desktop/TP2_junqtional_programming/src/main/scala/JunqtionalApp.scala. Using presentation compiler with project's scala-library version: 3.3.4
2024.11.06 11:13:49 INFO  no build target found for /home/kraska/Desktop/TP2_junqtional_programming/src/main/scala/JunqtionalApp.scala. Using presentation compiler with project's scala-library version: 3.3.4
2024.11.06 11:13:49 INFO  no build target found for /home/kraska/Desktop/TP2_junqtional_programming/src/main/scala/JunqtionalApp.scala. Using presentation compiler with project's scala-library version: 3.3.4
2024.11.06 11:13:50 INFO  no build target found for /home/kraska/Desktop/TP2_junqtional_programming/src/main/scala/JunqtionalApp.scala. Using presentation compiler with project's scala-library version: 3.3.4
2024.11.06 11:13:50 INFO  no build target found for /home/kraska/Desktop/TP2_junqtional_programming/src/main/scala/JunqtionalApp.scala. Using presentation compiler with project's scala-library version: 3.3.4
2024.11.06 11:13:50 INFO  no build target found for /home/kraska/Desktop/TP2_junqtional_programming/src/main/scala/JunqtionalApp.scala. Using presentation compiler with project's scala-library version: 3.3.4
2024.11.06 11:13:50 INFO  no build target found for /home/kraska/Desktop/TP2_junqtional_programming/src/main/scala/JunqtionalApp.scala. Using presentation compiler with project's scala-library version: 3.3.4
2024.11.06 11:13:50 INFO  no build target found for /home/kraska/Desktop/TP2_junqtional_programming/src/main/scala/JunqtionalApp.scala. Using presentation compiler with project's scala-library version: 3.3.4
2024.11.06 11:13:50 INFO  no build target found for /home/kraska/Desktop/TP2_junqtional_programming/src/main/scala/JunqtionalApp.scala. Using presentation compiler with project's scala-library version: 3.3.4
2024.11.06 11:13:51 INFO  no build target found for /home/kraska/Desktop/TP2_junqtional_programming/src/main/scala/JunqtionalApp.scala. Using presentation compiler with project's scala-library version: 3.3.4
2024.11.06 11:13:51 INFO  no build target found for /home/kraska/Desktop/TP2_junqtional_programming/src/main/scala/JunqtionalApp.scala. Using presentation compiler with project's scala-library version: 3.3.4
2024.11.06 11:13:59 INFO  no build target found for /home/kraska/Desktop/TP2_junqtional_programming/src/main/scala/JunqtionalApp.scala. Using presentation compiler with project's scala-library version: 3.3.4
2024.11.06 11:13:59 INFO  no build target found for /home/kraska/Desktop/TP2_junqtional_programming/src/main/scala/JunqtionalApp.scala. Using presentation compiler with project's scala-library version: 3.3.4
2024.11.06 11:13:59 INFO  no build target found for /home/kraska/Desktop/TP2_junqtional_programming/src/main/scala/JunqtionalApp.scala. Using presentation compiler with project's scala-library version: 3.3.4
2024.11.06 11:13:59 INFO  no build target found for /home/kraska/Desktop/TP2_junqtional_programming/src/main/scala/JunqtionalApp.scala. Using presentation compiler with project's scala-library version: 3.3.4
2024.11.06 11:13:59 INFO  no build target found for /home/kraska/Desktop/TP2_junqtional_programming/src/main/scala/JunqtionalApp.scala. Using presentation compiler with project's scala-library version: 3.3.4
2024.11.06 11:13:59 WARN  no build target for: /home/kraska/Desktop/TP2_junqtional_programming/src/main/scala/JunqtionalApp.scala
2024.11.06 11:14:18 INFO  no build target found for /home/kraska/Desktop/TP2_junqtional_programming/src/main/scala/JunqtionalApp.scala. Using presentation compiler with project's scala-library version: 3.3.4
2024.11.06 11:14:21 INFO  no build target found for /home/kraska/Desktop/TP2_junqtional_programming/src/main/scala/JunqtionalApp.scala. Using presentation compiler with project's scala-library version: 3.3.4
2024.11.06 11:14:21 INFO  no build target found for /home/kraska/Desktop/TP2_junqtional_programming/src/main/scala/JunqtionalApp.scala. Using presentation compiler with project's scala-library version: 3.3.4
2024.11.06 11:14:21 INFO  no build target found for /home/kraska/Desktop/TP2_junqtional_programming/src/main/scala/JunqtionalApp.scala. Using presentation compiler with project's scala-library version: 3.3.4
2024.11.06 11:14:21 INFO  no build target found for /home/kraska/Desktop/TP2_junqtional_programming/src/main/scala/JunqtionalApp.scala. Using presentation compiler with project's scala-library version: 3.3.4
2024.11.06 11:14:27 INFO  no build target found for /home/kraska/Desktop/TP2_junqtional_programming/src/main/scala/JunqtionalApp.scala. Using presentation compiler with project's scala-library version: 3.3.4
2024.11.06 11:14:27 INFO  no build target found for /home/kraska/Desktop/TP2_junqtional_programming/src/main/scala/JunqtionalApp.scala. Using presentation compiler with project's scala-library version: 3.3.4
2024.11.06 11:14:27 INFO  no build target found for /home/kraska/Desktop/TP2_junqtional_programming/src/main/scala/JunqtionalApp.scala. Using presentation compiler with project's scala-library version: 3.3.4
2024.11.06 11:14:30 INFO  no build target found for /home/kraska/Desktop/TP2_junqtional_programming/src/main/scala/JunqtionalApp.scala. Using presentation compiler with project's scala-library version: 3.3.4
2024.11.06 11:14:30 INFO  no build target found for /home/kraska/Desktop/TP2_junqtional_programming/src/main/scala/JunqtionalApp.scala. Using presentation compiler with project's scala-library version: 3.3.4
2024.11.06 11:14:31 INFO  no build target found for /home/kraska/Desktop/TP2_junqtional_programming/src/main/scala/JunqtionalApp.scala. Using presentation compiler with project's scala-library version: 3.3.4
2024.11.06 11:14:31 INFO  no build target found for /home/kraska/Desktop/TP2_junqtional_programming/src/main/scala/JunqtionalApp.scala. Using presentation compiler with project's scala-library version: 3.3.4
2024.11.06 11:14:31 INFO  no build target found for /home/kraska/Desktop/TP2_junqtional_programming/src/main/scala/JunqtionalApp.scala. Using presentation compiler with project's scala-library version: 3.3.4
2024.11.06 11:14:31 INFO  no build target found for /home/kraska/Desktop/TP2_junqtional_programming/src/main/scala/JunqtionalApp.scala. Using presentation compiler with project's scala-library version: 3.3.4
2024.11.06 11:14:31 INFO  no build target found for /home/kraska/Desktop/TP2_junqtional_programming/src/main/scala/JunqtionalApp.scala. Using presentation compiler with project's scala-library version: 3.3.4
2024.11.06 11:14:31 INFO  no build target found for /home/kraska/Desktop/TP2_junqtional_programming/src/main/scala/JunqtionalApp.scala. Using presentation compiler with project's scala-library version: 3.3.4
2024.11.06 11:14:32 INFO  no build target found for /home/kraska/Desktop/TP2_junqtional_programming/src/main/scala/JunqtionalApp.scala. Using presentation compiler with project's scala-library version: 3.3.4
2024.11.06 11:14:33 INFO  no build target found for /home/kraska/Desktop/TP2_junqtional_programming/src/main/scala/JunqtionalApp.scala. Using presentation compiler with project's scala-library version: 3.3.4
2024.11.06 11:14:33 WARN  no build target for: /home/kraska/Desktop/TP2_junqtional_programming/src/main/scala/JunqtionalApp.scala
2024.11.06 11:15:18 INFO  no build target found for /home/kraska/Desktop/TP2_junqtional_programming/src/main/scala/JunqtionalApp.scala. Using presentation compiler with project's scala-library version: 3.3.4
2024.11.06 11:15:20 INFO  no build target found for /home/kraska/Desktop/TP2_junqtional_programming/src/main/scala/JunqtionalApp.scala. Using presentation compiler with project's scala-library version: 3.3.4
2024.11.06 11:15:20 INFO  no build target found for /home/kraska/Desktop/TP2_junqtional_programming/src/main/scala/JunqtionalApp.scala. Using presentation compiler with project's scala-library version: 3.3.4
2024.11.06 11:15:21 WARN  no build target for: /home/kraska/Desktop/TP2_junqtional_programming/src/main/scala/JunqtionalApp.scala
2024.11.06 11:15:21 INFO  no build target found for /home/kraska/Desktop/TP2_junqtional_programming/src/main/scala/JunqtionalApp.scala. Using presentation compiler with project's scala-library version: 3.3.4
2024.11.06 11:15:47 INFO  no build target found for /home/kraska/Desktop/TP2_junqtional_programming/src/main/scala/JunqtionalApp.scala. Using presentation compiler with project's scala-library version: 3.3.4
2024.11.06 11:15:47 INFO  no build target found for /home/kraska/Desktop/TP2_junqtional_programming/src/main/scala/JunqtionalApp.scala. Using presentation compiler with project's scala-library version: 3.3.4
2024.11.06 11:15:47 INFO  no build target found for /home/kraska/Desktop/TP2_junqtional_programming/src/main/scala/JunqtionalApp.scala. Using presentation compiler with project's scala-library version: 3.3.4
2024.11.06 11:15:48 INFO  no build target found for /home/kraska/Desktop/TP2_junqtional_programming/src/main/scala/JunqtionalApp.scala. Using presentation compiler with project's scala-library version: 3.3.4
2024.11.06 11:15:48 INFO  no build target found for /home/kraska/Desktop/TP2_junqtional_programming/src/main/scala/JunqtionalApp.scala. Using presentation compiler with project's scala-library version: 3.3.4
2024.11.06 11:15:48 INFO  no build target found for /home/kraska/Desktop/TP2_junqtional_programming/src/main/scala/JunqtionalApp.scala. Using presentation compiler with project's scala-library version: 3.3.4
2024.11.06 11:15:48 INFO  no build target found for /home/kraska/Desktop/TP2_junqtional_programming/src/main/scala/JunqtionalApp.scala. Using presentation compiler with project's scala-library version: 3.3.4
2024.11.06 11:15:48 INFO  no build target found for /home/kraska/Desktop/TP2_junqtional_programming/src/main/scala/JunqtionalApp.scala. Using presentation compiler with project's scala-library version: 3.3.4
2024.11.06 11:15:48 INFO  no build target found for /home/kraska/Desktop/TP2_junqtional_programming/src/main/scala/JunqtionalApp.scala. Using presentation compiler with project's scala-library version: 3.3.4
2024.11.06 11:15:49 INFO  no build target found for /home/kraska/Desktop/TP2_junqtional_programming/src/main/scala/JunqtionalApp.scala. Using presentation compiler with project's scala-library version: 3.3.4
2024.11.06 11:15:49 INFO  no build target found for /home/kraska/Desktop/TP2_junqtional_programming/src/main/scala/JunqtionalApp.scala. Using presentation compiler with project's scala-library version: 3.3.4
2024.11.06 11:15:49 INFO  no build target found for /home/kraska/Desktop/TP2_junqtional_programming/src/main/scala/JunqtionalApp.scala. Using presentation compiler with project's scala-library version: 3.3.4
2024.11.06 11:15:51 INFO  no build target found for /home/kraska/Desktop/TP2_junqtional_programming/src/main/scala/JunqtionalApp.scala. Using presentation compiler with project's scala-library version: 3.3.4
2024.11.06 11:15:51 INFO  no build target found for /home/kraska/Desktop/TP2_junqtional_programming/src/main/scala/JunqtionalApp.scala. Using presentation compiler with project's scala-library version: 3.3.4
2024.11.06 11:15:51 INFO  no build target found for /home/kraska/Desktop/TP2_junqtional_programming/src/main/scala/JunqtionalApp.scala. Using presentation compiler with project's scala-library version: 3.3.4
2024.11.06 11:15:51 INFO  no build target found for /home/kraska/Desktop/TP2_junqtional_programming/src/main/scala/JunqtionalApp.scala. Using presentation compiler with project's scala-library version: 3.3.4
2024.11.06 11:15:51 INFO  no build target found for /home/kraska/Desktop/TP2_junqtional_programming/src/main/scala/JunqtionalApp.scala. Using presentation compiler with project's scala-library version: 3.3.4
2024.11.06 11:15:51 INFO  no build target found for /home/kraska/Desktop/TP2_junqtional_programming/src/main/scala/JunqtionalApp.scala. Using presentation compiler with project's scala-library version: 3.3.4
2024.11.06 11:15:51 INFO  no build target found for /home/kraska/Desktop/TP2_junqtional_programming/src/main/scala/JunqtionalApp.scala. Using presentation compiler with project's scala-library version: 3.3.4
2024.11.06 11:15:51 INFO  no build target found for /home/kraska/Desktop/TP2_junqtional_programming/src/main/scala/JunqtionalApp.scala. Using presentation compiler with project's scala-library version: 3.3.4
2024.11.06 11:15:51 INFO  no build target found for /home/kraska/Desktop/TP2_junqtional_programming/src/main/scala/JunqtionalApp.scala. Using presentation compiler with project's scala-library version: 3.3.4
2024.11.06 11:15:51 INFO  no build target found for /home/kraska/Desktop/TP2_junqtional_programming/src/main/scala/JunqtionalApp.scala. Using presentation compiler with project's scala-library version: 3.3.4
2024.11.06 11:15:51 INFO  no build target found for /home/kraska/Desktop/TP2_junqtional_programming/src/main/scala/JunqtionalApp.scala. Using presentation compiler with project's scala-library version: 3.3.4
2024.11.06 11:15:51 INFO  no build target found for /home/kraska/Desktop/TP2_junqtional_programming/src/main/scala/JunqtionalApp.scala. Using presentation compiler with project's scala-library version: 3.3.4
2024.11.06 11:15:51 INFO  no build target found for /home/kraska/Desktop/TP2_junqtional_programming/src/main/scala/JunqtionalApp.scala. Using presentation compiler with project's scala-library version: 3.3.4
2024.11.06 11:15:51 INFO  no build target found for /home/kraska/Desktop/TP2_junqtional_programming/src/main/scala/JunqtionalApp.scala. Using presentation compiler with project's scala-library version: 3.3.4
2024.11.06 11:15:51 INFO  no build target found for /home/kraska/Desktop/TP2_junqtional_programming/src/main/scala/JunqtionalApp.scala. Using presentation compiler with project's scala-library version: 3.3.4
2024.11.06 11:15:51 INFO  no build target found for /home/kraska/Desktop/TP2_junqtional_programming/src/main/scala/JunqtionalApp.scala. Using presentation compiler with project's scala-library version: 3.3.4
2024.11.06 11:15:51 INFO  no build target found for /home/kraska/Desktop/TP2_junqtional_programming/src/main/scala/JunqtionalApp.scala. Using presentation compiler with project's scala-library version: 3.3.4
2024.11.06 11:15:52 INFO  no build target found for /home/kraska/Desktop/TP2_junqtional_programming/src/main/scala/JunqtionalApp.scala. Using presentation compiler with project's scala-library version: 3.3.4
2024.11.06 11:15:52 INFO  no build target found for /home/kraska/Desktop/TP2_junqtional_programming/src/main/scala/JunqtionalApp.scala. Using presentation compiler with project's scala-library version: 3.3.4
2024.11.06 11:15:52 INFO  no build target found for /home/kraska/Desktop/TP2_junqtional_programming/src/main/scala/JunqtionalApp.scala. Using presentation compiler with project's scala-library version: 3.3.4
2024.11.06 11:15:52 INFO  no build target found for /home/kraska/Desktop/TP2_junqtional_programming/src/main/scala/JunqtionalApp.scala. Using presentation compiler with project's scala-library version: 3.3.4
2024.11.06 11:15:52 INFO  no build target found for /home/kraska/Desktop/TP2_junqtional_programming/src/main/scala/JunqtionalApp.scala. Using presentation compiler with project's scala-library version: 3.3.4
2024.11.06 11:15:52 INFO  no build target found for /home/kraska/Desktop/TP2_junqtional_programming/src/main/scala/JunqtionalApp.scala. Using presentation compiler with project's scala-library version: 3.3.4
2024.11.06 11:15:52 INFO  no build target found for /home/kraska/Desktop/TP2_junqtional_programming/src/main/scala/JunqtionalApp.scala. Using presentation compiler with project's scala-library version: 3.3.4
2024.11.06 11:15:52 INFO  no build target found for /home/kraska/Desktop/TP2_junqtional_programming/src/main/scala/JunqtionalApp.scala. Using presentation compiler with project's scala-library version: 3.3.4
2024.11.06 11:15:54 INFO  no build target found for /home/kraska/Desktop/TP2_junqtional_programming/src/main/scala/JunqtionalApp.scala. Using presentation compiler with project's scala-library version: 3.3.4
2024.11.06 11:15:54 INFO  no build target found for /home/kraska/Desktop/TP2_junqtional_programming/src/main/scala/JunqtionalApp.scala. Using presentation compiler with project's scala-library version: 3.3.4
2024.11.06 11:15:54 INFO  no build target found for /home/kraska/Desktop/TP2_junqtional_programming/src/main/scala/JunqtionalApp.scala. Using presentation compiler with project's scala-library version: 3.3.4
2024.11.06 11:15:55 INFO  no build target found for /home/kraska/Desktop/TP2_junqtional_programming/src/main/scala/JunqtionalApp.scala. Using presentation compiler with project's scala-library version: 3.3.4
2024.11.06 11:15:55 INFO  no build target found for /home/kraska/Desktop/TP2_junqtional_programming/src/main/scala/JunqtionalApp.scala. Using presentation compiler with project's scala-library version: 3.3.4
2024.11.06 11:15:55 INFO  no build target found for /home/kraska/Desktop/TP2_junqtional_programming/src/main/scala/JunqtionalApp.scala. Using presentation compiler with project's scala-library version: 3.3.4
2024.11.06 11:15:55 INFO  no build target found for /home/kraska/Desktop/TP2_junqtional_programming/src/main/scala/JunqtionalApp.scala. Using presentation compiler with project's scala-library version: 3.3.4
Nov 06, 2024 11:15:56 AM org.eclipse.lsp4j.jsonrpc.RemoteEndpoint handleCancellation
WARNING: Unmatched cancel notification for request id 712
2024.11.06 11:15:55 INFO  no build target found for /home/kraska/Desktop/TP2_junqtional_programming/src/main/scala/JunqtionalApp.scala. Using presentation compiler with project's scala-library version: 3.3.4
2024.11.06 11:15:55 INFO  no build target found for /home/kraska/Desktop/TP2_junqtional_programming/src/main/scala/JunqtionalApp.scala. Using presentation compiler with project's scala-library version: 3.3.4
2024.11.06 11:15:55 INFO  no build target found for /home/kraska/Desktop/TP2_junqtional_programming/src/main/scala/JunqtionalApp.scala. Using presentation compiler with project's scala-library version: 3.3.4
2024.11.06 11:15:55 INFO  no build target found for /home/kraska/Desktop/TP2_junqtional_programming/src/main/scala/JunqtionalApp.scala. Using presentation compiler with project's scala-library version: 3.3.4
2024.11.06 11:15:55 INFO  no build target found for /home/kraska/Desktop/TP2_junqtional_programming/src/main/scala/JunqtionalApp.scala. Using presentation compiler with project's scala-library version: 3.3.4
2024.11.06 11:15:55 INFO  no build target found for /home/kraska/Desktop/TP2_junqtional_programming/src/main/scala/JunqtionalApp.scala. Using presentation compiler with project's scala-library version: 3.3.4
2024.11.06 11:15:55 INFO  no build target found for /home/kraska/Desktop/TP2_junqtional_programming/src/main/scala/JunqtionalApp.scala. Using presentation compiler with project's scala-library version: 3.3.4
2024.11.06 11:15:55 INFO  no build target found for /home/kraska/Desktop/TP2_junqtional_programming/src/main/scala/JunqtionalApp.scala. Using presentation compiler with project's scala-library version: 3.3.4
2024.11.06 11:15:55 INFO  no build target found for /home/kraska/Desktop/TP2_junqtional_programming/src/main/scala/JunqtionalApp.scala. Using presentation compiler with project's scala-library version: 3.3.4
2024.11.06 11:15:55 INFO  no build target found for /home/kraska/Desktop/TP2_junqtional_programming/src/main/scala/JunqtionalApp.scala. Using presentation compiler with project's scala-library version: 3.3.4
2024.11.06 11:15:55 INFO  no build target found for /home/kraska/Desktop/TP2_junqtional_programming/src/main/scala/JunqtionalApp.scala. Using presentation compiler with project's scala-library version: 3.3.4
2024.11.06 11:15:55 INFO  no build target found for /home/kraska/Desktop/TP2_junqtional_programming/src/main/scala/JunqtionalApp.scala. Using presentation compiler with project's scala-library version: 3.3.4
2024.11.06 11:15:55 INFO  no build target found for /home/kraska/Desktop/TP2_junqtional_programming/src/main/scala/JunqtionalApp.scala. Using presentation compiler with project's scala-library version: 3.3.4
2024.11.06 11:15:56 INFO  no build target found for /home/kraska/Desktop/TP2_junqtional_programming/src/main/scala/JunqtionalApp.scala. Using presentation compiler with project's scala-library version: 3.3.4
2024.11.06 11:15:56 INFO  no build target found for /home/kraska/Desktop/TP2_junqtional_programming/src/main/scala/JunqtionalApp.scala. Using presentation compiler with project's scala-library version: 3.3.4
2024.11.06 11:15:56 INFO  no build target found for /home/kraska/Desktop/TP2_junqtional_programming/src/main/scala/JunqtionalApp.scala. Using presentation compiler with project's scala-library version: 3.3.4
2024.11.06 11:15:56 INFO  no build target found for /home/kraska/Desktop/TP2_junqtional_programming/src/main/scala/JunqtionalApp.scala. Using presentation compiler with project's scala-library version: 3.3.4
2024.11.06 11:15:56 INFO  no build target found for /home/kraska/Desktop/TP2_junqtional_programming/src/main/scala/JunqtionalApp.scala. Using presentation compiler with project's scala-library version: 3.3.4
2024.11.06 11:15:56 INFO  no build target found for /home/kraska/Desktop/TP2_junqtional_programming/src/main/scala/JunqtionalApp.scala. Using presentation compiler with project's scala-library version: 3.3.4
2024.11.06 11:15:58 INFO  no build target found for /home/kraska/Desktop/TP2_junqtional_programming/src/main/scala/JunqtionalApp.scala. Using presentation compiler with project's scala-library version: 3.3.4
2024.11.06 11:15:58 INFO  no build target found for /home/kraska/Desktop/TP2_junqtional_programming/src/main/scala/JunqtionalApp.scala. Using presentation compiler with project's scala-library version: 3.3.4
2024.11.06 11:15:58 INFO  no build target found for /home/kraska/Desktop/TP2_junqtional_programming/src/main/scala/JunqtionalApp.scala. Using presentation compiler with project's scala-library version: 3.3.4
2024.11.06 11:15:59 INFO  no build target found for /home/kraska/Desktop/TP2_junqtional_programming/src/main/scala/JunqtionalApp.scala. Using presentation compiler with project's scala-library version: 3.3.4
2024.11.06 11:15:59 INFO  no build target found for /home/kraska/Desktop/TP2_junqtional_programming/src/main/scala/JunqtionalApp.scala. Using presentation compiler with project's scala-library version: 3.3.4
2024.11.06 11:15:59 INFO  no build target found for /home/kraska/Desktop/TP2_junqtional_programming/src/main/scala/JunqtionalApp.scala. Using presentation compiler with project's scala-library version: 3.3.4
2024.11.06 11:15:59 INFO  no build target found for /home/kraska/Desktop/TP2_junqtional_programming/src/main/scala/JunqtionalApp.scala. Using presentation compiler with project's scala-library version: 3.3.4
2024.11.06 11:15:59 INFO  no build target found for /home/kraska/Desktop/TP2_junqtional_programming/src/main/scala/JunqtionalApp.scala. Using presentation compiler with project's scala-library version: 3.3.4
2024.11.06 11:15:59 INFO  no build target found for /home/kraska/Desktop/TP2_junqtional_programming/src/main/scala/JunqtionalApp.scala. Using presentation compiler with project's scala-library version: 3.3.4
2024.11.06 11:16:00 INFO  no build target found for /home/kraska/Desktop/TP2_junqtional_programming/src/main/scala/JunqtionalApp.scala. Using presentation compiler with project's scala-library version: 3.3.4
2024.11.06 11:16:00 INFO  no build target found for /home/kraska/Desktop/TP2_junqtional_programming/src/main/scala/JunqtionalApp.scala. Using presentation compiler with project's scala-library version: 3.3.4
2024.11.06 11:16:00 INFO  no build target found for /home/kraska/Desktop/TP2_junqtional_programming/src/main/scala/JunqtionalApp.scala. Using presentation compiler with project's scala-library version: 3.3.4
2024.11.06 11:16:00 INFO  no build target found for /home/kraska/Desktop/TP2_junqtional_programming/src/main/scala/JunqtionalApp.scala. Using presentation compiler with project's scala-library version: 3.3.4
2024.11.06 11:16:00 INFO  no build target found for /home/kraska/Desktop/TP2_junqtional_programming/src/main/scala/JunqtionalApp.scala. Using presentation compiler with project's scala-library version: 3.3.4
2024.11.06 11:16:00 INFO  no build target found for /home/kraska/Desktop/TP2_junqtional_programming/src/main/scala/JunqtionalApp.scala. Using presentation compiler with project's scala-library version: 3.3.4
2024.11.06 11:16:01 INFO  no build target found for /home/kraska/Desktop/TP2_junqtional_programming/src/main/scala/JunqtionalApp.scala. Using presentation compiler with project's scala-library version: 3.3.4
2024.11.06 11:16:01 INFO  no build target found for /home/kraska/Desktop/TP2_junqtional_programming/src/main/scala/JunqtionalApp.scala. Using presentation compiler with project's scala-library version: 3.3.4
2024.11.06 11:16:01 INFO  no build target found for /home/kraska/Desktop/TP2_junqtional_programming/src/main/scala/JunqtionalApp.scala. Using presentation compiler with project's scala-library version: 3.3.4
2024.11.06 11:16:01 INFO  no build target found for /home/kraska/Desktop/TP2_junqtional_programming/src/main/scala/JunqtionalApp.scala. Using presentation compiler with project's scala-library version: 3.3.4
2024.11.06 11:16:01 INFO  no build target found for /home/kraska/Desktop/TP2_junqtional_programming/src/main/scala/JunqtionalApp.scala. Using presentation compiler with project's scala-library version: 3.3.4
2024.11.06 11:16:02 INFO  no build target found for /home/kraska/Desktop/TP2_junqtional_programming/src/main/scala/JunqtionalApp.scala. Using presentation compiler with project's scala-library version: 3.3.4
2024.11.06 11:16:02 INFO  no build target found for /home/kraska/Desktop/TP2_junqtional_programming/src/main/scala/JunqtionalApp.scala. Using presentation compiler with project's scala-library version: 3.3.4
2024.11.06 11:16:02 INFO  no build target found for /home/kraska/Desktop/TP2_junqtional_programming/src/main/scala/JunqtionalApp.scala. Using presentation compiler with project's scala-library version: 3.3.4
2024.11.06 11:16:02 INFO  no build target found for /home/kraska/Desktop/TP2_junqtional_programming/src/main/scala/JunqtionalApp.scala. Using presentation compiler with project's scala-library version: 3.3.4
2024.11.06 11:16:03 INFO  no build target found for /home/kraska/Desktop/TP2_junqtional_programming/src/main/scala/JunqtionalApp.scala. Using presentation compiler with project's scala-library version: 3.3.4
2024.11.06 11:16:03 INFO  no build target found for /home/kraska/Desktop/TP2_junqtional_programming/src/main/scala/JunqtionalApp.scala. Using presentation compiler with project's scala-library version: 3.3.4
2024.11.06 11:16:03 INFO  no build target found for /home/kraska/Desktop/TP2_junqtional_programming/src/main/scala/JunqtionalApp.scala. Using presentation compiler with project's scala-library version: 3.3.4
2024.11.06 11:16:03 INFO  no build target found for /home/kraska/Desktop/TP2_junqtional_programming/src/main/scala/JunqtionalApp.scala. Using presentation compiler with project's scala-library version: 3.3.4
2024.11.06 11:16:03 INFO  no build target found for /home/kraska/Desktop/TP2_junqtional_programming/src/main/scala/JunqtionalApp.scala. Using presentation compiler with project's scala-library version: 3.3.4
2024.11.06 11:16:03 INFO  no build target found for /home/kraska/Desktop/TP2_junqtional_programming/src/main/scala/JunqtionalApp.scala. Using presentation compiler with project's scala-library version: 3.3.4
2024.11.06 11:16:04 INFO  no build target found for /home/kraska/Desktop/TP2_junqtional_programming/src/main/scala/JunqtionalApp.scala. Using presentation compiler with project's scala-library version: 3.3.4
2024.11.06 11:16:05 INFO  no build target found for /home/kraska/Desktop/TP2_junqtional_programming/src/main/scala/JunqtionalApp.scala. Using presentation compiler with project's scala-library version: 3.3.4
2024.11.06 11:16:05 INFO  no build target found for /home/kraska/Desktop/TP2_junqtional_programming/src/main/scala/JunqtionalApp.scala. Using presentation compiler with project's scala-library version: 3.3.4
2024.11.06 11:16:05 INFO  no build target found for /home/kraska/Desktop/TP2_junqtional_programming/src/main/scala/JunqtionalApp.scala. Using presentation compiler with project's scala-library version: 3.3.4
2024.11.06 11:16:05 INFO  no build target found for /home/kraska/Desktop/TP2_junqtional_programming/src/main/scala/JunqtionalApp.scala. Using presentation compiler with project's scala-library version: 3.3.4
2024.11.06 11:16:08 INFO  no build target found for /home/kraska/Desktop/TP2_junqtional_programming/src/main/scala/JunqtionalApp.scala. Using presentation compiler with project's scala-library version: 3.3.4
2024.11.06 11:16:08 INFO  no build target found for /home/kraska/Desktop/TP2_junqtional_programming/src/main/scala/JunqtionalApp.scala. Using presentation compiler with project's scala-library version: 3.3.4
2024.11.06 11:16:09 INFO  no build target found for /home/kraska/Desktop/TP2_junqtional_programming/src/main/scala/JunqtionalApp.scala. Using presentation compiler with project's scala-library version: 3.3.4
2024.11.06 11:16:09 INFO  no build target found for /home/kraska/Desktop/TP2_junqtional_programming/src/main/scala/JunqtionalApp.scala. Using presentation compiler with project's scala-library version: 3.3.4
2024.11.06 11:16:09 INFO  no build target found for /home/kraska/Desktop/TP2_junqtional_programming/src/main/scala/JunqtionalApp.scala. Using presentation compiler with project's scala-library version: 3.3.4
2024.11.06 11:16:09 INFO  no build target found for /home/kraska/Desktop/TP2_junqtional_programming/src/main/scala/JunqtionalApp.scala. Using presentation compiler with project's scala-library version: 3.3.4
2024.11.06 11:16:09 INFO  no build target found for /home/kraska/Desktop/TP2_junqtional_programming/src/main/scala/JunqtionalApp.scala. Using presentation compiler with project's scala-library version: 3.3.4
2024.11.06 11:16:09 INFO  no build target found for /home/kraska/Desktop/TP2_junqtional_programming/src/main/scala/JunqtionalApp.scala. Using presentation compiler with project's scala-library version: 3.3.4
2024.11.06 11:16:09 INFO  no build target found for /home/kraska/Desktop/TP2_junqtional_programming/src/main/scala/JunqtionalApp.scala. Using presentation compiler with project's scala-library version: 3.3.4
2024.11.06 11:16:09 INFO  no build target found for /home/kraska/Desktop/TP2_junqtional_programming/src/main/scala/JunqtionalApp.scala. Using presentation compiler with project's scala-library version: 3.3.4
2024.11.06 11:16:09 INFO  no build target found for /home/kraska/Desktop/TP2_junqtional_programming/src/main/scala/JunqtionalApp.scala. Using presentation compiler with project's scala-library version: 3.3.4
2024.11.06 11:16:09 INFO  no build target found for /home/kraska/Desktop/TP2_junqtional_programming/src/main/scala/JunqtionalApp.scala. Using presentation compiler with project's scala-library version: 3.3.4
2024.11.06 11:16:09 INFO  no build target found for /home/kraska/Desktop/TP2_junqtional_programming/src/main/scala/JunqtionalApp.scala. Using presentation compiler with project's scala-library version: 3.3.4
2024.11.06 11:16:09 INFO  no build target found for /home/kraska/Desktop/TP2_junqtional_programming/src/main/scala/JunqtionalApp.scala. Using presentation compiler with project's scala-library version: 3.3.4
2024.11.06 11:16:09 INFO  no build target found for /home/kraska/Desktop/TP2_junqtional_programming/src/main/scala/JunqtionalApp.scala. Using presentation compiler with project's scala-library version: 3.3.4
2024.11.06 11:16:09 INFO  no build target found for /home/kraska/Desktop/TP2_junqtional_programming/src/main/scala/JunqtionalApp.scala. Using presentation compiler with project's scala-library version: 3.3.4
Nov 06, 2024 11:16:10 AM org.eclipse.lsp4j.jsonrpc.RemoteEndpoint handleCancellation
WARNING: Unmatched cancel notification for request id 835
2024.11.06 11:16:09 INFO  no build target found for /home/kraska/Desktop/TP2_junqtional_programming/src/main/scala/JunqtionalApp.scala. Using presentation compiler with project's scala-library version: 3.3.4
2024.11.06 11:16:09 INFO  no build target found for /home/kraska/Desktop/TP2_junqtional_programming/src/main/scala/JunqtionalApp.scala. Using presentation compiler with project's scala-library version: 3.3.4
2024.11.06 11:16:09 INFO  no build target found for /home/kraska/Desktop/TP2_junqtional_programming/src/main/scala/JunqtionalApp.scala. Using presentation compiler with project's scala-library version: 3.3.4
2024.11.06 11:16:09 INFO  no build target found for /home/kraska/Desktop/TP2_junqtional_programming/src/main/scala/JunqtionalApp.scala. Using presentation compiler with project's scala-library version: 3.3.4
2024.11.06 11:16:09 INFO  no build target found for /home/kraska/Desktop/TP2_junqtional_programming/src/main/scala/JunqtionalApp.scala. Using presentation compiler with project's scala-library version: 3.3.4
2024.11.06 11:16:10 INFO  no build target found for /home/kraska/Desktop/TP2_junqtional_programming/src/main/scala/JunqtionalApp.scala. Using presentation compiler with project's scala-library version: 3.3.4
2024.11.06 11:16:10 INFO  no build target found for /home/kraska/Desktop/TP2_junqtional_programming/src/main/scala/JunqtionalApp.scala. Using presentation compiler with project's scala-library version: 3.3.4
2024.11.06 11:16:10 INFO  no build target found for /home/kraska/Desktop/TP2_junqtional_programming/src/main/scala/JunqtionalApp.scala. Using presentation compiler with project's scala-library version: 3.3.4
2024.11.06 11:16:10 INFO  no build target found for /home/kraska/Desktop/TP2_junqtional_programming/src/main/scala/JunqtionalApp.scala. Using presentation compiler with project's scala-library version: 3.3.4
2024.11.06 11:16:10 INFO  no build target found for /home/kraska/Desktop/TP2_junqtional_programming/src/main/scala/JunqtionalApp.scala. Using presentation compiler with project's scala-library version: 3.3.4
2024.11.06 11:16:10 INFO  no build target found for /home/kraska/Desktop/TP2_junqtional_programming/src/main/scala/JunqtionalApp.scala. Using presentation compiler with project's scala-library version: 3.3.4
2024.11.06 11:16:10 INFO  no build target found for /home/kraska/Desktop/TP2_junqtional_programming/src/main/scala/JunqtionalApp.scala. Using presentation compiler with project's scala-library version: 3.3.4
2024.11.06 11:16:11 INFO  no build target found for /home/kraska/Desktop/TP2_junqtional_programming/src/main/scala/JunqtionalApp.scala. Using presentation compiler with project's scala-library version: 3.3.4
2024.11.06 11:16:11 INFO  no build target found for /home/kraska/Desktop/TP2_junqtional_programming/src/main/scala/JunqtionalApp.scala. Using presentation compiler with project's scala-library version: 3.3.4
2024.11.06 11:16:11 INFO  no build target found for /home/kraska/Desktop/TP2_junqtional_programming/src/main/scala/JunqtionalApp.scala. Using presentation compiler with project's scala-library version: 3.3.4
2024.11.06 11:16:11 INFO  no build target found for /home/kraska/Desktop/TP2_junqtional_programming/src/main/scala/JunqtionalApp.scala. Using presentation compiler with project's scala-library version: 3.3.4
2024.11.06 11:16:11 INFO  no build target found for /home/kraska/Desktop/TP2_junqtional_programming/src/main/scala/JunqtionalApp.scala. Using presentation compiler with project's scala-library version: 3.3.4
2024.11.06 11:16:13 INFO  no build target found for /home/kraska/Desktop/TP2_junqtional_programming/src/main/scala/JunqtionalApp.scala. Using presentation compiler with project's scala-library version: 3.3.4
2024.11.06 11:16:13 INFO  no build target found for /home/kraska/Desktop/TP2_junqtional_programming/src/main/scala/JunqtionalApp.scala. Using presentation compiler with project's scala-library version: 3.3.4
2024.11.06 11:16:13 INFO  no build target found for /home/kraska/Desktop/TP2_junqtional_programming/src/main/scala/JunqtionalApp.scala. Using presentation compiler with project's scala-library version: 3.3.4
2024.11.06 11:16:13 INFO  no build target found for /home/kraska/Desktop/TP2_junqtional_programming/src/main/scala/JunqtionalApp.scala. Using presentation compiler with project's scala-library version: 3.3.4
2024.11.06 11:16:13 INFO  no build target found for /home/kraska/Desktop/TP2_junqtional_programming/src/main/scala/JunqtionalApp.scala. Using presentation compiler with project's scala-library version: 3.3.4
2024.11.06 11:16:13 INFO  no build target found for /home/kraska/Desktop/TP2_junqtional_programming/src/main/scala/JunqtionalApp.scala. Using presentation compiler with project's scala-library version: 3.3.4
2024.11.06 11:16:14 INFO  no build target found for /home/kraska/Desktop/TP2_junqtional_programming/src/main/scala/JunqtionalApp.scala. Using presentation compiler with project's scala-library version: 3.3.4
2024.11.06 11:16:14 INFO  no build target found for /home/kraska/Desktop/TP2_junqtional_programming/src/main/scala/JunqtionalApp.scala. Using presentation compiler with project's scala-library version: 3.3.4
2024.11.06 11:16:14 INFO  no build target found for /home/kraska/Desktop/TP2_junqtional_programming/src/main/scala/JunqtionalApp.scala. Using presentation compiler with project's scala-library version: 3.3.4
2024.11.06 11:16:14 INFO  no build target found for /home/kraska/Desktop/TP2_junqtional_programming/src/main/scala/JunqtionalApp.scala. Using presentation compiler with project's scala-library version: 3.3.4
2024.11.06 11:16:14 INFO  no build target found for /home/kraska/Desktop/TP2_junqtional_programming/src/main/scala/JunqtionalApp.scala. Using presentation compiler with project's scala-library version: 3.3.4
2024.11.06 11:16:15 INFO  no build target found for /home/kraska/Desktop/TP2_junqtional_programming/src/main/scala/JunqtionalApp.scala. Using presentation compiler with project's scala-library version: 3.3.4
2024.11.06 11:16:17 INFO  no build target found for /home/kraska/Desktop/TP2_junqtional_programming/src/main/scala/JunqtionalApp.scala. Using presentation compiler with project's scala-library version: 3.3.4
2024.11.06 11:16:17 INFO  no build target found for /home/kraska/Desktop/TP2_junqtional_programming/src/main/scala/JunqtionalApp.scala. Using presentation compiler with project's scala-library version: 3.3.4
2024.11.06 11:16:19 WARN  no build target for: /home/kraska/Desktop/TP2_junqtional_programming/src/main/scala/JunqtionalApp.scala
2024.11.06 11:16:19 INFO  no build target found for /home/kraska/Desktop/TP2_junqtional_programming/src/main/scala/JunqtionalApp.scala. Using presentation compiler with project's scala-library version: 3.3.4
